0 info it worked if it ends with ok
1 verbose cli [ 'C:\\Program Files (x86)\\nodejs\\node.exe',
1 verbose cli   'C:\\Program Files (x86)\\nodejs\\node_modules\\npm\\bin\\npm-cli.js',
1 verbose cli   'run',
1 verbose cli   'lint' ]
2 info using npm@3.10.10
3 info using node@v6.10.0
4 verbose run-script [ 'prelint', 'lint', 'postlint' ]
5 info lifecycle angular-io-example@1.0.0~prelint: angular-io-example@1.0.0
6 silly lifecycle angular-io-example@1.0.0~prelint: no script for prelint, continuing
7 info lifecycle angular-io-example@1.0.0~lint: angular-io-example@1.0.0
8 verbose lifecycle angular-io-example@1.0.0~lint: unsafe-perm in lifecycle true
9 verbose lifecycle angular-io-example@1.0.0~lint: PATH: C:\Program Files (x86)\nodejs\node_modules\npm\bin\node-gyp-bin;C:\Users\Xavi\Documents\Projects\angular-webpack\node_modules\.bin;C:\Program Files\NVIDIA GPU Computing Toolkit\CUDA\v8.0\bin;C:\Program Files\NVIDIA GPU Computing Toolkit\CUDA\v8.0\libnvvp;C:\Program Files\Docker\Docker\Resources\bin;C:\Program Files\Microsoft MPI\Bin\;C:\Program Files\NVIDIA GPU Computing Toolkit\CUDA\v7.5\bin;C:\Program Files\NVIDIA GPU Computing Toolkit\CUDA\v7.5\libnvvp;C:\ProgramData\Oracle\Java\javapath;C:\Program Files\Dell\DW WLAN Card;C:\Program Files (x86)\Intel\iCLS Client\;C:\Program Files\Intel\iCLS Client\;C:\Windows\system32;C:\Windows;C:\Windows\System32\Wbem;C:\Windows\System32\WindowsPowerShell\v1.0\;C:\Program Files\WIDCOMM\Bluetooth Software\;C:\Program Files\WIDCOMM\Bluetooth Software\syswow64;C:\Program Files (x86)\NVIDIA Corporation\PhysX\Common;C:\Program Files\Microsoft SQL Server\120\Tools\Binn\;C:\Program Files\Microsoft SQL Server\110\Tools\Binn\;C:\Program Files (x86)\Microsoft SDKs\TypeScript\1.0\;C:\WINDOWS\system32;C:\WINDOWS;C:\WINDOWS\System32\Wbem;C:\WINDOWS\System32\WindowsPowerShell\v1.0\;C:\Program Files (x86)\Heroku\bin;C:\Program Files (x86)\git\cmd;C:\Program Files\Microsoft SQL Server\130\Tools\Binn\;C:\Program Files (x86)\GtkSharp\2.12\bin;C:\Program Files (x86)\Microsoft Emulator Manager\1.0\;C:\Program Files\Microsoft\Web Platform Installer\;C:\Program Files (x86)\Microsoft SQL Server\110\DTS\Binn\;C:\Program Files (x86)\Microsoft SQL Server\120\DTS\Binn\;C:\Program Files (x86)\Microsoft SQL Server\130\DTS\Binn\;C:\Program Files (x86)\Intel\Intel(R) Management Engine Components\DAL;C:\Program Files\Intel\Intel(R) Management Engine Components\DAL;C:\Program Files (x86)\Intel\Intel(R) Management Engine Components\IPT;C:\Program Files\Intel\Intel(R) Management Engine Components\IPT;C:\Program Files (x86)\Skype\Phone\;C:\Program Files (x86)\nodejs\;C:\Program Files\dotnet\;C:\Program Files (x86)\Git\cmd;C:\WINDOWS\system32;C:\WINDOWS;C:\WINDOWS\System32\Wbem;C:\WINDOWS\System32\WindowsPowerShell\v1.0\;C:\Program Files\MATLAB\R2017a\runtime\win64;C:\Program Files\MATLAB\R2017a\bin;C:\Program Files\PuTTY\;C:\Users\Xavi\Anaconda3;C:\Users\Xavi\Anaconda3\Scripts;C:\Users\Xavi\Anaconda3\Library\bin;C:\Users\Xavi\Anaconda2;C:\Users\Xavi\Anaconda2\Scripts;C:\Users\Xavi\Anaconda2\Library\bin;C:\Users\Xavi\.dnx\runtimes\dnx-clr-win-x86.1.0.0-rc1-update2\bin;C:\Users\Xavi\.dnx\bin;C:\Program Files (x86)\Microsoft VS Code\bin;C:\Users\Xavi\AppData\Local\atom\bin;C:\Users\Xavi\AppData\Local\Microsoft\WindowsApps;C:\Users\Xavi\AppData\Roaming\npm;C:\Program Files (x86)\Microsoft Visual Studio 14.0\VC\bin;
10 verbose lifecycle angular-io-example@1.0.0~lint: CWD: C:\Users\Xavi\Documents\Projects\angular-webpack
11 silly lifecycle angular-io-example@1.0.0~lint: Args: [ '/d /s /c', 'tslint ./src/**/*.ts -t verbose' ]
12 silly lifecycle angular-io-example@1.0.0~lint: Returned: code: 2  signal: null
13 info lifecycle angular-io-example@1.0.0~lint: Failed to exec lint script
14 verbose stack Error: angular-io-example@1.0.0 lint: `tslint ./src/**/*.ts -t verbose`
14 verbose stack Exit status 2
14 verbose stack     at EventEmitter.<anonymous> (C:\Program Files (x86)\nodejs\node_modules\npm\lib\utils\lifecycle.js:255:16)
14 verbose stack     at emitTwo (events.js:106:13)
14 verbose stack     at EventEmitter.emit (events.js:191:7)
14 verbose stack     at ChildProcess.<anonymous> (C:\Program Files (x86)\nodejs\node_modules\npm\lib\utils\spawn.js:40:14)
14 verbose stack     at emitTwo (events.js:106:13)
14 verbose stack     at ChildProcess.emit (events.js:191:7)
14 verbose stack     at maybeClose (internal/child_process.js:877:16)
14 verbose stack     at Process.ChildProcess._handle.onexit (internal/child_process.js:226:5)
15 verbose pkgid angular-io-example@1.0.0
16 verbose cwd C:\Users\Xavi\Documents\Projects\angular-webpack
17 error Windows_NT 10.0.15063
18 error argv "C:\\Program Files (x86)\\nodejs\\node.exe" "C:\\Program Files (x86)\\nodejs\\node_modules\\npm\\bin\\npm-cli.js" "run" "lint"
19 error node v6.10.0
20 error npm  v3.10.10
21 error code ELIFECYCLE
22 error angular-io-example@1.0.0 lint: `tslint ./src/**/*.ts -t verbose`
22 error Exit status 2
23 error Failed at the angular-io-example@1.0.0 lint script 'tslint ./src/**/*.ts -t verbose'.
23 error Make sure you have the latest version of node.js and npm installed.
23 error If you do, this is most likely a problem with the angular-io-example package,
23 error not with npm itself.
23 error Tell the author that this fails on your system:
23 error     tslint ./src/**/*.ts -t verbose
23 error You can get information on how to open an issue for this project with:
23 error     npm bugs angular-io-example
23 error Or if that isn't available, you can get their info via:
23 error     npm owner ls angular-io-example
23 error There is likely additional logging output above.
24 verbose exit [ 1, true ]
